make --dry-run --keep-going --print-directory
make: Entering directory `/Users/hboumahd/Desktop/push_swap'
cc  -Wall -Wextra -Werror  -c push_swap.c -o push_swap.o
 
cc  -Wall -Wextra -Werror  -c stack_init.c -o stack_init.o
cc  -Wall -Wextra -Werror  -c push_swap_utils_1.c -o push_swap_utils_1.o
cc  -Wall -Wextra -Werror  -c instructions_1.c -o instructions_1.o
cc  -Wall -Wextra -Werror  -c instructions_2.c -o instructions_2.o
cc  -Wall -Wextra -Werror  -c instructions_3.c -o instructions_3.o
cc  -Wall -Wextra -Werror  -c sort_three.c -o sort_three.o
 
cc  -Wall -Wextra -Werror  -c sort_five.c -o sort_five.o
cc  -Wall -Wextra -Werror  -c sort_handred.c -o sort_handred.o
cc  -Wall -Wextra -Werror  -c sort_general.c -o sort_general.o
cc  -Wall -Wextra -Werror  -c sort_general_utils_1.c -o sort_general_utils_1.o
 
/Applications/Xcode.app/Contents/Developer/usr/bin/make -C ./ft_printf/
 
make[1]: Entering directory `/Users/hboumahd/Desktop/push_swap/ft_printf'
ar rcs ft_printf.a ft_printf.o ft_putchar.o ft_putnbr_base.o ft_putstr.o ft_putnbr_base2.o ft_putnbr.o 
mv ft_printf.a ..
make[1]: Leaving directory `/Users/hboumahd/Desktop/push_swap/ft_printf'
 
echo "make the ft_printf.a" 
echo "make the push_swap program"
cc  push_swap.o stack_init.o push_swap_utils_1.o instructions_1.o instructions_2.o instructions_3.o sort_three.o sort_five.o sort_handred.o sort_general.o sort_general_utils_1.o ./ft_printf.a  -o push_swap
make: Leaving directory `/Users/hboumahd/Desktop/push_swap'
 
